{
  "RSpec": {
    "coverage": {
      "/Users/drewpalazzari/Documents/1610/M3/Projects/api_curious/app/helpers/application_helper.rb": [
        1,
        null
      ],
      "/Users/drewpalazzari/Documents/1610/M3/Projects/api_curious/app/controllers/sessions_controller.rb": [
        1,
        null,
        1,
        2,
        2,
        2,
        2,
        null,
        0,
        null,
        null,
        null,
        1,
        1,
        null,
        1,
        null,
        null,
        null
      ],
      "/Users/drewpalazzari/Documents/1610/M3/Projects/api_curious/app/controllers/application_controller.rb": [
        1,
        1,
        null,
        1,
        null,
        1,
        49,
        null,
        null
      ],
      "/Users/drewpalazzari/Documents/1610/M3/Projects/api_curious/app/models/user.rb": [
        1,
        null,
        1,
        12,
        12,
        12,
        12,
        12,
        12,
        12,
        12,
        12,
        12,
        null,
        null,
        null,
        null
      ],
      "/Users/drewpalazzari/Documents/1610/M3/Projects/api_curious/app/models/application_record.rb": [
        1,
        1,
        null
      ],
      "/Users/drewpalazzari/Documents/1610/M3/Projects/api_curious/app/models/authentication.rb": [
        1,
        null,
        1,
        3,
        3,
        3,
        3,
        3,
        null,
        null,
        null
      ],
      "/Users/drewpalazzari/Documents/1610/M3/Projects/api_curious/app/models/github_service.rb": [
        1,
        null,
        1,
        2,
        2,
        null,
        null,
        null
      ],
      "/Users/drewpalazzari/Documents/1610/M3/Projects/api_curious/app/models/starred_repos_service.rb": [
        1,
        null,
        1,
        2,
        2,
        null,
        null,
        null
      ],
      "/Users/drewpalazzari/Documents/1610/M3/Projects/api_curious/app/models/user_repos_service.rb": [
        1,
        null,
        1,
        3,
        3,
        null,
        null,
        null
      ],
      "/Users/drewpalazzari/Documents/1610/M3/Projects/api_curious/app/controllers/dashboard_controller.rb": [
        1,
        null,
        1,
        null,
        null,
        null
      ],
      "/Users/drewpalazzari/Documents/1610/M3/Projects/api_curious/app/controllers/finder_controller.rb": [
        1,
        null,
        1,
        2,
        null,
        null,
        null
      ],
      "/Users/drewpalazzari/Documents/1610/M3/Projects/api_curious/app/models/user_repos.rb": [
        1,
        null,
        1,
        null,
        1,
        44,
        44,
        44,
        44,
        null,
        null,
        1,
        2,
        44,
        null,
        null,
        null,
        null
      ],
      "/Users/drewpalazzari/Documents/1610/M3/Projects/api_curious/app/controllers/home_controller.rb": [
        1,
        null,
        1,
        null,
        null,
        null
      ],
      "/Users/drewpalazzari/Documents/1610/M3/Projects/api_curious/app/controllers/starred_repos_controller.rb": [
        1,
        null,
        1,
        1,
        null,
        null,
        null
      ],
      "/Users/drewpalazzari/Documents/1610/M3/Projects/api_curious/app/models/starred_repos.rb": [
        1,
        null,
        1,
        null,
        1,
        4,
        4,
        4,
        4,
        4,
        null,
        null,
        1,
        1,
        4,
        null,
        null,
        null,
        null
      ],
      "/Users/drewpalazzari/Documents/1610/M3/Projects/api_curious/app/controllers/search_controller.rb": [
        1,
        null,
        1,
        1,
        null,
        null,
        null
      ],
      "/Users/drewpalazzari/Documents/1610/M3/Projects/api_curious/app/models/github_repo.rb": [
        1,
        null,
        1,
        null,
        1,
        22,
        22,
        22,
        22,
        null,
        null,
        1,
        1,
        22,
        null,
        null,
        null,
        null
      ]
    },
    "timestamp": 1486052935
  }
}
