{
  "RSpec": {
    "coverage": {
      "/Users/drewpalazzari/Documents/1610/M3/Projects/api_curious/app/helpers/application_helper.rb": [
        1,
        null
      ],
      "/Users/drewpalazzari/Documents/1610/M3/Projects/api_curious/app/models/user.rb": [
        1,
        null,
        1,
        10,
        10,
        10,
        10,
        10,
        10,
        10,
        10,
        10,
        10,
        null,
        null,
        null,
        null
      ],
      "/Users/drewpalazzari/Documents/1610/M3/Projects/api_curious/app/models/application_record.rb": [
        1,
        1,
        null
      ],
      "/Users/drewpalazzari/Documents/1610/M3/Projects/api_curious/app/models/authentication.rb": [
        1,
        null,
        1,
        1,
        1,
        1,
        1,
        1,
        null,
        null,
        null
      ],
      "/Users/drewpalazzari/Documents/1610/M3/Projects/api_curious/app/models/github_service.rb": [
        1,
        null,
        1,
        2,
        2,
        null,
        null,
        null
      ],
      "/Users/drewpalazzari/Documents/1610/M3/Projects/api_curious/app/models/user_repos_service.rb": [
        1,
        null,
        1,
        1,
        1,
        null,
        null,
        null
      ],
      "/Users/drewpalazzari/Documents/1610/M3/Projects/api_curious/app/controllers/dashboard_controller.rb": [
        1,
        null,
        1,
        null,
        null,
        null
      ],
      "/Users/drewpalazzari/Documents/1610/M3/Projects/api_curious/app/controllers/application_controller.rb": [
        1,
        1,
        null,
        1,
        null,
        1,
        20,
        null,
        null
      ],
      "/Users/drewpalazzari/Documents/1610/M3/Projects/api_curious/app/controllers/sessions_controller.rb": [
        1,
        null,
        1,
        0,
        0,
        0,
        0,
        null,
        0,
        null,
        null,
        null,
        1,
        1,
        null,
        1,
        null,
        null,
        null
      ],
      "/Users/drewpalazzari/Documents/1610/M3/Projects/api_curious/app/controllers/home_controller.rb": [
        1,
        null,
        1,
        null,
        null,
        null
      ],
      "/Users/drewpalazzari/Documents/1610/M3/Projects/api_curious/app/controllers/search_controller.rb": [
        1,
        null,
        1,
        1,
        null,
        null,
        null
      ],
      "/Users/drewpalazzari/Documents/1610/M3/Projects/api_curious/app/models/github_repo.rb": [
        1,
        null,
        1,
        null,
        1,
        22,
        22,
        22,
        22,
        null,
        null,
        1,
        1,
        22,
        null,
        null,
        null,
        null
      ],
      "/Users/drewpalazzari/Documents/1610/M3/Projects/api_curious/app/channels/application_cable/channel.rb": [
        0,
        0,
        0,
        0
      ],
      "/Users/drewpalazzari/Documents/1610/M3/Projects/api_curious/app/channels/application_cable/connection.rb": [
        0,
        0,
        0,
        0
      ],
      "/Users/drewpalazzari/Documents/1610/M3/Projects/api_curious/app/controllers/finder_controller.rb": [
        0,
        0,
        0,
        0,
        0,
        0,
        0
      ],
      "/Users/drewpalazzari/Documents/1610/M3/Projects/api_curious/app/jobs/application_job.rb": [
        0,
        0
      ],
      "/Users/drewpalazzari/Documents/1610/M3/Projects/api_curious/app/mailers/application_mailer.rb": [
        0,
        0,
        0,
        0
      ],
      "/Users/drewpalazzari/Documents/1610/M3/Projects/api_curious/app/models/user_repos.rb": [
        0,
        0,
        0,
        0,
        0,
        0,
        0,
        0,
        0,
        0,
        0,
        0,
        0,
        0,
        0,
        0,
        0,
        0
      ]
    },
    "timestamp": 1485979827
  }
}
